sim Version 6.3 Log File bhargav-assignment.log

Your name          = Run mod sim /r to put your name here
Machinecode file   = bhargav-assignment.mac Size = 8B2 (hex) = 2226 (dec)
Microcode file     = none         Size =  93 (hex) =  147 (dec)
======================== Log turned on  Thu Oct 11 13:50:31 2018
======================== Starting session ======================
---- [T7] 0: ld   /0 896/ n
No display mode
---- [T7] g
press y to continue r n to quit y
Input a string of characters. Four score and seven years ago our fathers brought forth on this continent, a new nation, conceived in Liberty, and dedicated to the proposipress y to continue r n to quit tion that all men are created equal Now we are engaged in a great civil war, testing whether that nation, or any nation so conceived and so Input a string of characters. press y to continue r n to quit dedicated, can long endure. We are met on a great battle-field of that war. We have come to dedicate a portion of that field, as a final resInput a string of characters. press y to continue r n to quit ting place for those who here gave their lives that that nation might live
Input a string of characters. press y to continue r n to quit y
Input a string of characters. It is altogether fitting and proper that we should do this But, in a larger sense, we can not dedicate?we can not consecrate?we can not hallpress y to continue r n to quit ow?this ground. The brave men, living and dead, who struggled here, have consecrated it, far above our poor power to add or detract. The worInput a string of characters. press y to continue r n to quit ld will little note, nor long remember what we say here, but it can never forget what they did here
Input a string of characters. press y to continue r n to quit y
Input a string of characters. It is for us the living, rather, to be dedicated here to the unfinished work which they who fought here have thus far so nobly advanced. It press y to continue r n to quit is rather for us to be here dedicated to the great task remaining before us?that from these honored dead we take increased devotion to that Input a string of characters. press y to continue r n to quit cause for which they gave the last full measure of devotion?that we here highly
Input a string of characters. press y to continue r n to quit n
The count For A:88
The count For B:12
The count For C:30
The count For D:49
The count For E:139
The count For F:22
The count For G:26
The count For H:63
The count For I:60
The count For J:0
The count For K:3
The count For L:31
The count For M:10
The count For N:66
The count For O:78
The count For P:8
The count For Q:1
The count For R:70
The count For S:37
The count For T:106
The count For U:20
The count For V:19
The count For W:27
The count For X:0
The count For Y:9
The count For Z:0
Machine inst count =  8657 (hex) =  34391 (dec)
Micro   inst count = 58ADD (hex) = 363229 (dec)
