Machine-level Assembler Version 6.3    Sun Dec 23 23:46:26 2018

  LOC    OBJ   SOURCE
hex*dec

               !s1
               
0  *0    8010  loop:	ldc	msg1
1  *1    FFF7  		sout
2  *2    FFFA  		ain
3  *3    304F  		sub n
4  *4    C00F  		jz exit
5  *5    802F  		ldc msg2
6  *6    FFF7  		sout
7  *7    FFF8  		hin
8  *8    F300  		push
9  *9    FFF8  		hin
A  *10   F300  		push
B  *11   F800  		STACKor
C  *12   F400  		pop
D  *13   FFF9  		hout
E  *14   9000  		ja loop
F  *15   FFFF  exit:	halt
10 *16   0064  msg1: 	dw "do you to perform stack or y/n"
11 *17   006F
12 *18   0020
13 *19   0079
14 *20   006F
15 *21   0075
16 *22   0020
17 *23   0074
18 *24   006F
19 *25   0020
1A *26   0070
1B *27   0065
1C *28   0072
1D *29   0066
1E *30   006F
1F *31   0072
20 *32   006D
21 *33   0020
22 *34   0073
23 *35   0074
24 *36   0061
25 *37   0063
26 *38   006B
27 *39   0020
28 *40   006F
29 *41   0072
2A *42   0020
2B *43   0079
2C *44   002F
2D *45   006E
2E *46   0000
2F *47   0065  msg2:	dw "enter two hexadecimal number = "
30 *48   006E
31 *49   0074
32 *50   0065
33 *51   0072
34 *52   0020
35 *53   0074
36 *54   0077
37 *55   006F
38 *56   0020
39 *57   0068
3A *58   0065
3B *59   0078
3C *60   0061
3D *61   0064
3E *62   0065
3F *63   0063
40 *64   0069
41 *65   006D
42 *66   0061
43 *67   006C
44 *68   0020
45 *69   006E
46 *70   0075
47 *71   006D
48 *72   0062
49 *73   0065
4A *74   0072
4B *75   0020
4C *76   003D
4D *77   0020
4E *78   0000
4F *79   006E  n:		dw 'n'
               		
50 *80   ========= end of demo1.mas ==============================


         Symbol/Cross-Reference Table

Symbol                   Address     References
                          (hex)       (hex)

 loop                      0           E  
 exit                      F           4  
 msg1                      10          0  
 msg2                      2F          5  
 n                         4F          3  

Input file   = demo1.mas
Output file  = demo1.mac
List file    = demo1.lst 
Config file  = s1.cfg 
Number base  = decimal
Label status = case sensitive
